d:\vsprojects\cppconsole\shapebasedmatching\x64\release\vc143.pdb
d:\vsprojects\cppconsole\shapebasedmatching\x64\release\test.obj
d:\vsprojects\cppconsole\shapebasedmatching\x64\release\line2dup.obj
d:\vsprojects\cppconsole\x64\release\shapebasedmatching.exe
d:\vsprojects\cppconsole\shapebasedmatching\x64\release\shapebasedmatching.ipdb
d:\vsprojects\cppconsole\x64\release\shapebasedmatching.pdb
d:\vsprojects\cppconsole\shapebasedmatching\x64\release\shapebasedmatching.iobj
c:\users\lifuw\desktop\projects\template_matching\cppconsole 2020230626\cppconsole\shapebasedmatching\x64\release\line2dup.obj
c:\users\lifuw\desktop\projects\template_matching\cppconsole 2020230626\cppconsole\shapebasedmatching\x64\release\test.obj
c:\users\lifuw\desktop\projects\template_matching\cppconsole 2020230626\cppconsole\shapebasedmatching\x64\release\shapebasedmatching.ipdb
c:\users\lifuw\desktop\projects\template_matching\cppconsole 2020230626\cppconsole\shapebasedmatching\x64\release\shapebasedmatching.iobj
c:\users\lifuw\desktop\projects\template_matching\cppconsole 2020230626\cppconsole\shapebasedmatching\x64\release\vc143.pdb
c:\users\lifuw\desktop\projects\template_matching\cppconsole 2020230626\cppconsole\x64\release\shapebasedmatching.pdb
c:\users\lifuw\desktop\projects\template_matching\cppconsole 2020230626\cppconsole\x64\release\shapebasedmatching.exe
c:\users\lifuw\desktop\projects\template_matching\cppconsole 2020230626\cppconsole\shapebasedmatching\x64\release\shapebas.e1bb6f69.tlog\cl.command.1.tlog
c:\users\lifuw\desktop\projects\template_matching\cppconsole 2020230626\cppconsole\shapebasedmatching\x64\release\shapebas.e1bb6f69.tlog\cl.items.tlog
c:\users\lifuw\desktop\projects\template_matching\cppconsole 2020230626\cppconsole\shapebasedmatching\x64\release\shapebas.e1bb6f69.tlog\cl.read.1.tlog
c:\users\lifuw\desktop\projects\template_matching\cppconsole 2020230626\cppconsole\shapebasedmatching\x64\release\shapebas.e1bb6f69.tlog\cl.write.1.tlog
c:\users\lifuw\desktop\projects\template_matching\cppconsole 2020230626\cppconsole\shapebasedmatching\x64\release\shapebas.e1bb6f69.tlog\link.command.1.tlog
c:\users\lifuw\desktop\projects\template_matching\cppconsole 2020230626\cppconsole\shapebasedmatching\x64\release\shapebas.e1bb6f69.tlog\link.read.1.tlog
c:\users\lifuw\desktop\projects\template_matching\cppconsole 2020230626\cppconsole\shapebasedmatching\x64\release\shapebas.e1bb6f69.tlog\link.write.1.tlog
